<?xml version="1.0" encoding="UTF-8"?>
<!-- Generated by org.testng.reporters.JUnitReportReporter -->
<testsuite skipped="0" hostname="Biplab" name="pageOMTestTim.Login" tests="1" failures="0" timestamp="29 Jan 2020 03:54:23 GMT" time="9.479" errors="0">
  <testcase name="loginTestPOM" time="9.479" classname="pageOMTestTim.Login"/>
</testsuite> <!-- pageOMTestTim.Login -->
