<?xml version="1.0" encoding="UTF-8"?>
<!-- Generated by org.testng.reporters.JUnitReportReporter -->
<testsuite skipped="0" hostname="Biplab" name="tests.LoginFactory" tests="1" failures="0" timestamp="28 Jan 2020 23:05:11 GMT" time="8.436" errors="0">
  <testcase name="loginTestPageFactory" time="8.436" classname="tests.LoginFactory"/>
</testsuite> <!-- tests.LoginFactory -->
